{"/Users/george/academy/connect-four/source/server/logicfunctions.js": {"path":"/Users/george/academy/connect-four/source/server/logicfunctions.js","statementMap":{"0":{"start":{"line":1,"column":11},"end":{"line":1,"column":33}},"1":{"start":{"line":4,"column":2},"end":{"line":4,"column":23}},"2":{"start":{"line":5,"column":15},"end":{"line":5,"column":17}},"3":{"start":{"line":6,"column":2},"end":{"line":8,"column":3}},"4":{"start":{"line":7,"column":4},"end":{"line":7,"column":20}},"5":{"start":{"line":9,"column":2},"end":{"line":12,"column":3}},"6":{"start":{"line":10,"column":19},"end":{"line":10,"column":31}},"7":{"start":{"line":11,"column":4},"end":{"line":11,"column":33}},"8":{"start":{"line":13,"column":2},"end":{"line":13,"column":19}},"9":{"start":{"line":17,"column":2},"end":{"line":20,"column":3}},"10":{"start":{"line":18,"column":4},"end":{"line":18,"column":32}},"11":{"start":{"line":19,"column":4},"end":{"line":19,"column":21}},"12":{"start":{"line":21,"column":2},"end":{"line":24,"column":3}},"13":{"start":{"line":22,"column":4},"end":{"line":22,"column":32}},"14":{"start":{"line":23,"column":4},"end":{"line":23,"column":21}},"15":{"start":{"line":25,"column":2},"end":{"line":38,"column":3}},"16":{"start":{"line":25,"column":15},"end":{"line":25,"column":41}},"17":{"start":{"line":26,"column":4},"end":{"line":37,"column":5}},"18":{"start":{"line":27,"column":6},"end":{"line":27,"column":52}},"19":{"start":{"line":28,"column":6},"end":{"line":28,"column":35}},"20":{"start":{"line":29,"column":6},"end":{"line":33,"column":7}},"21":{"start":{"line":30,"column":8},"end":{"line":30,"column":36}},"22":{"start":{"line":31,"column":13},"end":{"line":33,"column":7}},"23":{"start":{"line":32,"column":8},"end":{"line":32,"column":33}},"24":{"start":{"line":34,"column":6},"end":{"line":34,"column":40}},"25":{"start":{"line":35,"column":6},"end":{"line":35,"column":31}},"26":{"start":{"line":36,"column":6},"end":{"line":36,"column":23}},"27":{"start":{"line":42,"column":2},"end":{"line":42,"column":28}},"28":{"start":{"line":43,"column":2},"end":{"line":47,"column":3}},"29":{"start":{"line":43,"column":15},"end":{"line":43,"column":16}},"30":{"start":{"line":44,"column":4},"end":{"line":46,"column":5}},"31":{"start":{"line":44,"column":17},"end":{"line":44,"column":18}},"32":{"start":{"line":45,"column":6},"end":{"line":45,"column":35}},"33":{"start":{"line":48,"column":2},"end":{"line":48,"column":19}},"34":{"start":{"line":52,"column":2},"end":{"line":54,"column":3}},"35":{"start":{"line":53,"column":4},"end":{"line":53,"column":17}},"36":{"start":{"line":55,"column":2},"end":{"line":57,"column":3}},"37":{"start":{"line":56,"column":4},"end":{"line":56,"column":20}},"38":{"start":{"line":58,"column":2},"end":{"line":58,"column":14}},"39":{"start":{"line":62,"column":19},"end":{"line":62,"column":38}},"40":{"start":{"line":63,"column":2},"end":{"line":63,"column":36}},"41":{"start":{"line":67,"column":22},"end":{"line":67,"column":67}},"42":{"start":{"line":67,"column":41},"end":{"line":67,"column":57}},"43":{"start":{"line":68,"column":2},"end":{"line":68,"column":39}},"44":{"start":{"line":72,"column":24},"end":{"line":72,"column":47}},"45":{"start":{"line":73,"column":26},"end":{"line":73,"column":49}},"46":{"start":{"line":74,"column":2},"end":{"line":77,"column":3}},"47":{"start":{"line":75,"column":4},"end":{"line":75,"column":26}},"48":{"start":{"line":76,"column":4},"end":{"line":76,"column":26}},"49":{"start":{"line":78,"column":2},"end":{"line":81,"column":3}},"50":{"start":{"line":79,"column":4},"end":{"line":79,"column":28}},"51":{"start":{"line":80,"column":4},"end":{"line":80,"column":28}},"52":{"start":{"line":82,"column":19},"end":{"line":82,"column":56}},"53":{"start":{"line":83,"column":22},"end":{"line":83,"column":24}},"54":{"start":{"line":84,"column":2},"end":{"line":86,"column":3}},"55":{"start":{"line":84,"column":15},"end":{"line":84,"column":16}},"56":{"start":{"line":85,"column":4},"end":{"line":85,"column":78}},"57":{"start":{"line":87,"column":2},"end":{"line":87,"column":41}},"58":{"start":{"line":88,"column":2},"end":{"line":88,"column":41}},"59":{"start":{"line":91,"column":23},"end":{"line":91,"column":46}},"60":{"start":{"line":92,"column":27},"end":{"line":92,"column":50}},"61":{"start":{"line":93,"column":2},"end":{"line":96,"column":3}},"62":{"start":{"line":94,"column":4},"end":{"line":94,"column":25}},"63":{"start":{"line":95,"column":4},"end":{"line":95,"column":25}},"64":{"start":{"line":97,"column":2},"end":{"line":100,"column":3}},"65":{"start":{"line":98,"column":4},"end":{"line":98,"column":29}},"66":{"start":{"line":99,"column":4},"end":{"line":99,"column":29}},"67":{"start":{"line":101,"column":2},"end":{"line":101,"column":51}},"68":{"start":{"line":102,"column":22},"end":{"line":102,"column":24}},"69":{"start":{"line":103,"column":2},"end":{"line":105,"column":3}},"70":{"start":{"line":103,"column":15},"end":{"line":103,"column":16}},"71":{"start":{"line":104,"column":4},"end":{"line":104,"column":80}},"72":{"start":{"line":106,"column":2},"end":{"line":106,"column":41}},"73":{"start":{"line":107,"column":2},"end":{"line":107,"column":41}},"74":{"start":{"line":112,"column":18},"end":{"line":112,"column":20}},"75":{"start":{"line":113,"column":2},"end":{"line":113,"column":61}},"76":{"start":{"line":114,"column":2},"end":{"line":114,"column":59}},"77":{"start":{"line":115,"column":2},"end":{"line":115,"column":67}},"78":{"start":{"line":116,"column":2},"end":{"line":116,"column":67}},"79":{"start":{"line":117,"column":2},"end":{"line":122,"column":3}},"80":{"start":{"line":118,"column":4},"end":{"line":118,"column":29}},"81":{"start":{"line":119,"column":4},"end":{"line":119,"column":29}},"82":{"start":{"line":120,"column":4},"end":{"line":120,"column":31}},"83":{"start":{"line":121,"column":4},"end":{"line":121,"column":21}},"84":{"start":{"line":123,"column":2},"end":{"line":128,"column":3}},"85":{"start":{"line":124,"column":4},"end":{"line":124,"column":29}},"86":{"start":{"line":125,"column":4},"end":{"line":125,"column":32}},"87":{"start":{"line":126,"column":4},"end":{"line":126,"column":31}},"88":{"start":{"line":127,"column":4},"end":{"line":127,"column":21}},"89":{"start":{"line":132,"column":2},"end":{"line":132,"column":84}},"90":{"start":{"line":135,"column":0},"end":{"line":148,"column":1}},"91":{"start":{"line":136,"column":2},"end":{"line":147,"column":4}}},"fnMap":{"0":{"name":"createBoard","decl":{"start":{"line":3,"column":9},"end":{"line":3,"column":20}},"loc":{"start":{"line":3,"column":63},"end":{"line":14,"column":1}},"line":3},"1":{"name":"placeCounter","decl":{"start":{"line":16,"column":9},"end":{"line":16,"column":21}},"loc":{"start":{"line":16,"column":41},"end":{"line":39,"column":1}},"line":16},"2":{"name":"resetGame","decl":{"start":{"line":41,"column":9},"end":{"line":41,"column":18}},"loc":{"start":{"line":41,"column":30},"end":{"line":49,"column":1}},"line":41},"3":{"name":"arrayIncludesWin","decl":{"start":{"line":51,"column":9},"end":{"line":51,"column":25}},"loc":{"start":{"line":51,"column":33},"end":{"line":59,"column":1}},"line":51},"4":{"name":"checkWinnerHorizontal","decl":{"start":{"line":61,"column":9},"end":{"line":61,"column":30}},"loc":{"start":{"line":61,"column":51},"end":{"line":64,"column":1}},"line":61},"5":{"name":"checkWinnerVertical","decl":{"start":{"line":66,"column":9},"end":{"line":66,"column":28}},"loc":{"start":{"line":66,"column":59},"end":{"line":69,"column":1}},"line":66},"6":{"name":"(anonymous_6)","decl":{"start":{"line":67,"column":32},"end":{"line":67,"column":33}},"loc":{"start":{"line":67,"column":41},"end":{"line":67,"column":57}},"line":67},"7":{"name":"checkWinnerPositiveDiagonal","decl":{"start":{"line":71,"column":9},"end":{"line":71,"column":36}},"loc":{"start":{"line":71,"column":67},"end":{"line":89,"column":1}},"line":71},"8":{"name":"checkWinnerNegativeDiagonal","decl":{"start":{"line":90,"column":9},"end":{"line":90,"column":36}},"loc":{"start":{"line":90,"column":67},"end":{"line":108,"column":1}},"line":90},"9":{"name":"checkWinner","decl":{"start":{"line":111,"column":9},"end":{"line":111,"column":20}},"loc":{"start":{"line":111,"column":38},"end":{"line":129,"column":1}},"line":111},"10":{"name":"saveGameState","decl":{"start":{"line":131,"column":9},"end":{"line":131,"column":22}},"loc":{"start":{"line":131,"column":34},"end":{"line":133,"column":1}},"line":131}},"branchMap":{"0":{"loc":{"start":{"line":17,"column":2},"end":{"line":20,"column":3}},"type":"if","locations":[{"start":{"line":17,"column":2},"end":{"line":20,"column":3}},{"start":{"line":17,"column":2},"end":{"line":20,"column":3}}],"line":17},"1":{"loc":{"start":{"line":21,"column":2},"end":{"line":24,"column":3}},"type":"if","locations":[{"start":{"line":21,"column":2},"end":{"line":24,"column":3}},{"start":{"line":21,"column":2},"end":{"line":24,"column":3}}],"line":21},"2":{"loc":{"start":{"line":26,"column":4},"end":{"line":37,"column":5}},"type":"if","locations":[{"start":{"line":26,"column":4},"end":{"line":37,"column":5}},{"start":{"line":26,"column":4},"end":{"line":37,"column":5}}],"line":26},"3":{"loc":{"start":{"line":29,"column":6},"end":{"line":33,"column":7}},"type":"if","locations":[{"start":{"line":29,"column":6},"end":{"line":33,"column":7}},{"start":{"line":29,"column":6},"end":{"line":33,"column":7}}],"line":29},"4":{"loc":{"start":{"line":31,"column":13},"end":{"line":33,"column":7}},"type":"if","locations":[{"start":{"line":31,"column":13},"end":{"line":33,"column":7}},{"start":{"line":31,"column":13},"end":{"line":33,"column":7}}],"line":31},"5":{"loc":{"start":{"line":52,"column":2},"end":{"line":54,"column":3}},"type":"if","locations":[{"start":{"line":52,"column":2},"end":{"line":54,"column":3}},{"start":{"line":52,"column":2},"end":{"line":54,"column":3}}],"line":52},"6":{"loc":{"start":{"line":55,"column":2},"end":{"line":57,"column":3}},"type":"if","locations":[{"start":{"line":55,"column":2},"end":{"line":57,"column":3}},{"start":{"line":55,"column":2},"end":{"line":57,"column":3}}],"line":55},"7":{"loc":{"start":{"line":74,"column":9},"end":{"line":74,"column":75}},"type":"binary-expr","locations":[{"start":{"line":74,"column":9},"end":{"line":74,"column":31}},{"start":{"line":74,"column":35},"end":{"line":74,"column":75}}],"line":74},"8":{"loc":{"start":{"line":78,"column":9},"end":{"line":78,"column":76}},"type":"binary-expr","locations":[{"start":{"line":78,"column":9},"end":{"line":78,"column":48}},{"start":{"line":78,"column":52},"end":{"line":78,"column":76}}],"line":78},"9":{"loc":{"start":{"line":93,"column":9},"end":{"line":93,"column":55}},"type":"binary-expr","locations":[{"start":{"line":93,"column":9},"end":{"line":93,"column":30}},{"start":{"line":93,"column":34},"end":{"line":93,"column":55}}],"line":93},"10":{"loc":{"start":{"line":97,"column":9},"end":{"line":97,"column":93}},"type":"binary-expr","locations":[{"start":{"line":97,"column":9},"end":{"line":97,"column":49}},{"start":{"line":97,"column":53},"end":{"line":97,"column":93}}],"line":97},"11":{"loc":{"start":{"line":117,"column":2},"end":{"line":122,"column":3}},"type":"if","locations":[{"start":{"line":117,"column":2},"end":{"line":122,"column":3}},{"start":{"line":117,"column":2},"end":{"line":122,"column":3}}],"line":117},"12":{"loc":{"start":{"line":123,"column":2},"end":{"line":128,"column":3}},"type":"if","locations":[{"start":{"line":123,"column":2},"end":{"line":128,"column":3}},{"start":{"line":123,"column":2},"end":{"line":128,"column":3}}],"line":123},"13":{"loc":{"start":{"line":135,"column":0},"end":{"line":148,"column":1}},"type":"if","locations":[{"start":{"line":135,"column":0},"end":{"line":148,"column":1}},{"start":{"line":135,"column":0},"end":{"line":148,"column":1}}],"line":135}},"s":{"0":2,"1":2,"2":2,"3":2,"4":8,"5":2,"6":8,"7":8,"8":2,"9":2,"10":0,"11":0,"12":2,"13":0,"14":0,"15":2,"16":2,"17":2,"18":2,"19":2,"20":2,"21":2,"22":0,"23":0,"24":2,"25":2,"26":2,"27":2,"28":2,"29":2,"30":8,"31":8,"32":32,"33":2,"34":17,"35":3,"36":14,"37":3,"38":11,"39":4,"40":4,"41":4,"42":16,"43":4,"44":4,"45":4,"46":4,"47":6,"48":6,"49":4,"50":3,"51":3,"52":4,"53":4,"54":4,"55":4,"56":13,"57":4,"58":4,"59":4,"60":4,"61":4,"62":5,"63":5,"64":4,"65":5,"66":5,"67":4,"68":4,"69":4,"70":4,"71":14,"72":4,"73":4,"74":3,"75":3,"76":3,"77":3,"78":3,"79":3,"80":0,"81":0,"82":0,"83":0,"84":3,"85":1,"86":1,"87":1,"88":1,"89":2,"90":2,"91":2},"f":{"0":2,"1":2,"2":2,"3":17,"4":4,"5":4,"6":16,"7":4,"8":4,"9":3,"10":2},"b":{"0":[0,2],"1":[0,2],"2":[2,0],"3":[2,0],"4":[0,0],"5":[3,14],"6":[3,11],"7":[10,6],"8":[7,4],"9":[9,6],"10":[9,5],"11":[0,3],"12":[1,2],"13":[2,0]},"_coverageSchema":"1a1c01bbd47fc00a2c39e90264f33305004495a9","hash":"9827ce70afb0adeeaea11a1b1a5ee16a8538b905"}
,"/Users/george/academy/connect-four/source/server/server.js": {"path":"/Users/george/academy/connect-four/source/server/server.js","statementMap":{"0":{"start":{"line":1,"column":11},"end":{"line":1,"column":33}},"1":{"start":{"line":12,"column":4},"end":{"line":12,"column":34}},"2":{"start":{"line":14,"column":18},"end":{"line":24,"column":1}},"3":{"start":{"line":26,"column":16},"end":{"line":26,"column":34}},"4":{"start":{"line":28,"column":12},"end":{"line":28,"column":21}},"5":{"start":{"line":31,"column":0},"end":{"line":31,"column":36}},"6":{"start":{"line":32,"column":0},"end":{"line":32,"column":24}},"7":{"start":{"line":34,"column":0},"end":{"line":38,"column":3}},"8":{"start":{"line":35,"column":2},"end":{"line":37,"column":5}},"9":{"start":{"line":40,"column":0},"end":{"line":44,"column":3}},"10":{"start":{"line":41,"column":2},"end":{"line":43,"column":5}},"11":{"start":{"line":46,"column":0},"end":{"line":50,"column":3}},"12":{"start":{"line":47,"column":2},"end":{"line":49,"column":5}},"13":{"start":{"line":52,"column":0},"end":{"line":56,"column":3}},"14":{"start":{"line":53,"column":2},"end":{"line":55,"column":5}},"15":{"start":{"line":58,"column":0},"end":{"line":62,"column":3}},"16":{"start":{"line":59,"column":2},"end":{"line":61,"column":5}},"17":{"start":{"line":64,"column":0},"end":{"line":68,"column":3}},"18":{"start":{"line":65,"column":2},"end":{"line":67,"column":5}},"19":{"start":{"line":71,"column":0},"end":{"line":75,"column":1}},"20":{"start":{"line":72,"column":2},"end":{"line":74,"column":5}},"21":{"start":{"line":73,"column":6},"end":{"line":73,"column":49}},"22":{"start":{"line":78,"column":0},"end":{"line":81,"column":2}}},"fnMap":{"0":{"name":"(anonymous_0)","decl":{"start":{"line":34,"column":26},"end":{"line":34,"column":27}},"loc":{"start":{"line":34,"column":40},"end":{"line":38,"column":1}},"line":34},"1":{"name":"(anonymous_1)","decl":{"start":{"line":40,"column":32},"end":{"line":40,"column":33}},"loc":{"start":{"line":40,"column":46},"end":{"line":44,"column":1}},"line":40},"2":{"name":"(anonymous_2)","decl":{"start":{"line":46,"column":27},"end":{"line":46,"column":28}},"loc":{"start":{"line":46,"column":41},"end":{"line":50,"column":1}},"line":46},"3":{"name":"(anonymous_3)","decl":{"start":{"line":52,"column":29},"end":{"line":52,"column":30}},"loc":{"start":{"line":52,"column":43},"end":{"line":56,"column":1}},"line":52},"4":{"name":"(anonymous_4)","decl":{"start":{"line":58,"column":29},"end":{"line":58,"column":30}},"loc":{"start":{"line":58,"column":43},"end":{"line":62,"column":1}},"line":58},"5":{"name":"(anonymous_5)","decl":{"start":{"line":64,"column":22},"end":{"line":64,"column":23}},"loc":{"start":{"line":64,"column":36},"end":{"line":68,"column":1}},"line":64},"6":{"name":"(anonymous_6)","decl":{"start":{"line":72,"column":19},"end":{"line":72,"column":20}},"loc":{"start":{"line":72,"column":25},"end":{"line":74,"column":3}},"line":72}},"branchMap":{"0":{"loc":{"start":{"line":71,"column":0},"end":{"line":75,"column":1}},"type":"if","locations":[{"start":{"line":71,"column":0},"end":{"line":75,"column":1}},{"start":{"line":71,"column":0},"end":{"line":75,"column":1}}],"line":71}},"s":{"0":2,"1":2,"2":2,"3":2,"4":2,"5":2,"6":2,"7":2,"8":1,"9":2,"10":1,"11":2,"12":1,"13":2,"14":2,"15":2,"16":0,"17":2,"18":0,"19":2,"20":0,"21":0,"22":2},"f":{"0":1,"1":1,"2":1,"3":2,"4":0,"5":0,"6":0},"b":{"0":[0,2]},"_coverageSchema":"1a1c01bbd47fc00a2c39e90264f33305004495a9","hash":"6dee98035002195199609e8b81eb51853853398a"}
}
