TN:
SF:source/server/logicfunctions.js
FN:3,createBoard
FN:16,placeCounter
FN:41,resetGame
FN:51,arrayIncludesWin
FN:61,checkWinnerHorizontal
FN:66,checkWinnerVertical
FN:67,(anonymous_6)
FN:71,checkWinnerPositiveDiagonal
FN:90,checkWinnerNegativeDiagonal
FN:111,checkWinner
FN:131,saveGameState
FNF:11
FNH:11
FNDA:2,createBoard
FNDA:2,placeCounter
FNDA:2,resetGame
FNDA:17,arrayIncludesWin
FNDA:4,checkWinnerHorizontal
FNDA:4,checkWinnerVertical
FNDA:16,(anonymous_6)
FNDA:4,checkWinnerPositiveDiagonal
FNDA:4,checkWinnerNegativeDiagonal
FNDA:3,checkWinner
FNDA:2,saveGameState
DA:1,2
DA:4,2
DA:5,2
DA:6,2
DA:7,8
DA:9,2
DA:10,8
DA:11,8
DA:13,2
DA:17,2
DA:18,0
DA:19,0
DA:21,2
DA:22,0
DA:23,0
DA:25,2
DA:26,2
DA:27,2
DA:28,2
DA:29,2
DA:30,2
DA:31,0
DA:32,0
DA:34,2
DA:35,2
DA:36,2
DA:42,2
DA:43,2
DA:44,8
DA:45,32
DA:48,2
DA:52,17
DA:53,3
DA:55,14
DA:56,3
DA:58,11
DA:62,4
DA:63,4
DA:67,16
DA:68,4
DA:72,4
DA:73,4
DA:74,4
DA:75,6
DA:76,6
DA:78,4
DA:79,3
DA:80,3
DA:82,4
DA:83,4
DA:84,4
DA:85,13
DA:87,4
DA:88,4
DA:91,4
DA:92,4
DA:93,4
DA:94,5
DA:95,5
DA:97,4
DA:98,5
DA:99,5
DA:101,4
DA:102,4
DA:103,4
DA:104,14
DA:106,4
DA:107,4
DA:112,3
DA:113,3
DA:114,3
DA:115,3
DA:116,3
DA:117,3
DA:118,0
DA:119,0
DA:120,0
DA:121,0
DA:123,3
DA:124,1
DA:125,1
DA:126,1
DA:127,1
DA:132,2
DA:135,2
DA:136,2
LF:86
LH:76
BRDA:17,0,0,0
BRDA:17,0,1,2
BRDA:21,1,0,0
BRDA:21,1,1,2
BRDA:26,2,0,2
BRDA:26,2,1,0
BRDA:29,3,0,2
BRDA:29,3,1,0
BRDA:31,4,0,0
BRDA:31,4,1,0
BRDA:52,5,0,3
BRDA:52,5,1,14
BRDA:55,6,0,3
BRDA:55,6,1,11
BRDA:74,7,0,10
BRDA:74,7,1,6
BRDA:78,8,0,7
BRDA:78,8,1,4
BRDA:93,9,0,9
BRDA:93,9,1,6
BRDA:97,10,0,9
BRDA:97,10,1,5
BRDA:117,11,0,0
BRDA:117,11,1,3
BRDA:123,12,0,1
BRDA:123,12,1,2
BRDA:135,13,0,2
BRDA:135,13,1,0
BRF:28
BRH:20
end_of_record
TN:
SF:source/server/server.js
FN:34,(anonymous_0)
FN:40,(anonymous_1)
FN:46,(anonymous_2)
FN:52,(anonymous_3)
FN:58,(anonymous_4)
FN:64,(anonymous_5)
FN:72,(anonymous_6)
FNF:7
FNH:4
FNDA:1,(anonymous_0)
FNDA:1,(anonymous_1)
FNDA:1,(anonymous_2)
FNDA:2,(anonymous_3)
FNDA:0,(anonymous_4)
FNDA:0,(anonymous_5)
FNDA:0,(anonymous_6)
DA:1,2
DA:12,2
DA:14,2
DA:26,2
DA:28,2
DA:31,2
DA:32,2
DA:34,2
DA:35,1
DA:40,2
DA:41,1
DA:46,2
DA:47,1
DA:52,2
DA:53,2
DA:58,2
DA:59,0
DA:64,2
DA:65,0
DA:71,2
DA:72,0
DA:73,0
DA:78,2
LF:23
LH:19
BRDA:71,0,0,0
BRDA:71,0,1,2
BRF:2
BRH:1
end_of_record
